
> dashboard@0.1.0 dev
> next dev -p 3000

▲ Next.js 16.2.4 (Turbopack)
- Local:         http://localhost:3000
- Network:       http://127.0.2.2:3000
✓ Ready in 293ms

⨯ ./src/app/globals.css
Error evaluating Node.js code
Error: Cannot find module '@tailwindcss/postcss'
Require stack:
- /Users/manpreetsingh/Documents/OpenEnv/V1/NeuralPagedAttention/dashboard/.next/dev/build/chunks/[root-of-the-server]__0d-m0h0._.js
- /Users/manpreetsingh/Documents/OpenEnv/V1/NeuralPagedAttention/dashboard/.next/dev/build/chunks/[turbopack]_runtime.js
- /Users/manpreetsingh/Documents/OpenEnv/V1/NeuralPagedAttention/dashboard/.next/dev/build/postcss.js
    [at Module._resolveFilename (node:internal/modules/cjs/loader:1420:15)]
    [at defaultResolveImpl (node:internal/modules/cjs/loader:1058:19)]
    [at resolveForCJSWithHooks (node:internal/modules/cjs/loader:1063:22)]
    [at Module._load (node:internal/modules/cjs/loader:1226:37)]
    [at TracingChannel.traceSync (node:diagnostics_channel:328:14)]
    [at wrapModuleLoad (node:internal/modules/cjs/loader:245:24)]
    [at Module.require (node:internal/modules/cjs/loader:1503:12)]
    [at require (node:internal/modules/helpers:152:16)]
    [at <anonymous> (turbopack:///[turbopack-node]/transforms/postcss.ts:49:25)]
    [at <anonymous>]

Import trace:
  Client Component Browser:
    ./src/app/globals.css [Client Component Browser]
    ./src/app/layout.tsx [Server Component]


 GET / 500 in 166ms (next.js: 82ms, application-code: 85ms)
⨯ ./src/app/globals.css
Error evaluating Node.js code
Error: Cannot find module '@tailwindcss/postcss'
Require stack:
- /Users/manpreetsingh/Documents/OpenEnv/V1/NeuralPagedAttention/dashboard/.next/dev/build/chunks/[root-of-the-server]__0d-m0h0._.js
- /Users/manpreetsingh/Documents/OpenEnv/V1/NeuralPagedAttention/dashboard/.next/dev/build/chunks/[turbopack]_runtime.js
- /Users/manpreetsingh/Documents/OpenEnv/V1/NeuralPagedAttention/dashboard/.next/dev/build/postcss.js
    [at Module._resolveFilename (node:internal/modules/cjs/loader:1420:15)]
    [at defaultResolveImpl (node:internal/modules/cjs/loader:1058:19)]
    [at resolveForCJSWithHooks (node:internal/modules/cjs/loader:1063:22)]
    [at Module._load (node:internal/modules/cjs/loader:1226:37)]
    [at TracingChannel.traceSync (node:diagnostics_channel:328:14)]
    [at wrapModuleLoad (node:internal/modules/cjs/loader:245:24)]
    [at Module.require (node:internal/modules/cjs/loader:1503:12)]
    [at require (node:internal/modules/helpers:152:16)]
    [at <anonymous> (turbopack:///[turbopack-node]/transforms/postcss.ts:49:25)]
    [at <anonymous>]

Import trace:
  Client Component Browser:
    ./src/app/globals.css [Client Component Browser]
    ./src/app/layout.tsx [Server Component]


 GET / 500 in 10ms (next.js: 4ms, application-code: 6ms)
[browser] Uncaught Error: ./src/app/globals.css
Error evaluating Node.js code
Error: Cannot find module '@tailwindcss/postcss'
Require stack:
- /Users/manpreetsingh/Documents/OpenEnv/V1/NeuralPagedAttention/dashboard/.next/dev/build/chunks/[root-of-the-server]__0d-m0h0._.js
- /Users/manpreetsingh/Documents/OpenEnv/V1/NeuralPagedAttention/dashboard/.next/dev/build/chunks/[turbopack]_runtime.js
- /Users/manpreetsingh/Documents/OpenEnv/V1/NeuralPagedAttention/dashboard/.next/dev/build/postcss.js
    [at Module._resolveFilename (node:internal/modules/cjs/loader:1420:15)]
    [at defaultResolveImpl (node:internal/modules/cjs/loader:1058:19)]
    [at resolveForCJSWithHooks (node:internal/modules/cjs/loader:1063:22)]
    [at Module._load (node:internal/modules/cjs/loader:1226:37)]
    [at TracingChannel.traceSync (node:diagnostics_channel:328:14)]
    [at wrapModuleLoad (node:internal/modules/cjs/loader:245:24)]
    [at Module.require (node:internal/modules/cjs/loader:1503:12)]
    [at require (node:internal/modules/helpers:152:16)]
    [at <anonymous> (turbopack:///[turbopack-node]/transforms/postcss.ts:49:25)]
    [at <anonymous>]

Import trace:
  Client Component Browser:
    ./src/app/globals.css [Client Component Browser]
    ./src/app/layout.tsx [Server Component]


[browser] Uncaught Error: ./src/app/globals.css
Error evaluating Node.js code
Error: Cannot find module '@tailwindcss/postcss'
Require stack:
- /Users/manpreetsingh/Documents/OpenEnv/V1/NeuralPagedAttention/dashboard/.next/dev/build/chunks/[root-of-the-server]__0d-m0h0._.js
- /Users/manpreetsingh/Documents/OpenEnv/V1/NeuralPagedAttention/dashboard/.next/dev/build/chunks/[turbopack]_runtime.js
- /Users/manpreetsingh/Documents/OpenEnv/V1/NeuralPagedAttention/dashboard/.next/dev/build/postcss.js
    [at Module._resolveFilename (node:internal/modules/cjs/loader:1420:15)]
    [at defaultResolveImpl (node:internal/modules/cjs/loader:1058:19)]
    [at resolveForCJSWithHooks (node:internal/modules/cjs/loader:1063:22)]
    [at Module._load (node:internal/modules/cjs/loader:1226:37)]
    [at TracingChannel.traceSync (node:diagnostics_channel:328:14)]
    [at wrapModuleLoad (node:internal/modules/cjs/loader:245:24)]
    [at Module.require (node:internal/modules/cjs/loader:1503:12)]
    [at require (node:internal/modules/helpers:152:16)]
    [at <anonymous> (turbopack:///[turbopack-node]/transforms/postcss.ts:49:25)]
    [at <anonymous>]

Import trace:
  Client Component Browser:
    ./src/app/globals.css [Client Component Browser]
    ./src/app/layout.tsx [Server Component]


[browser] ./src/app/globals.css
Error evaluating Node.js code
Error: Cannot find module '@tailwindcss/postcss'
Require stack:
- /Users/manpreetsingh/Documents/OpenEnv/V1/NeuralPagedAttention/dashboard/.next/dev/build/chunks/[root-of-the-server]__0d-m0h0._.js
- /Users/manpreetsingh/Documents/OpenEnv/V1/NeuralPagedAttention/dashboard/.next/dev/build/chunks/[turbopack]_runtime.js
- /Users/manpreetsingh/Documents/OpenEnv/V1/NeuralPagedAttention/dashboard/.next/dev/build/postcss.js
    [at Module._resolveFilename (node:internal/modules/cjs/loader:1420:15)]
    [at defaultResolveImpl (node:internal/modules/cjs/loader:1058:19)]
    [at resolveForCJSWithHooks (node:internal/modules/cjs/loader:1063:22)]
    [at Module._load (node:internal/modules/cjs/loader:1226:37)]
    [at TracingChannel.traceSync (node:diagnostics_channel:328:14)]
    [at wrapModuleLoad (node:internal/modules/cjs/loader:245:24)]
    [at Module.require (node:internal/modules/cjs/loader:1503:12)]
    [at require (node:internal/modules/helpers:152:16)]
    [at <anonymous> (turbopack:///[turbopack-node]/transforms/postcss.ts:49:25)]
    [at <anonymous>]

Import trace:
  Client Component Browser:
    ./src/app/globals.css [Client Component Browser]
    ./src/app/layout.tsx [Server Component] 
[browser] ./src/app/globals.css
Error evaluating Node.js code
Error: Cannot find module '@tailwindcss/postcss'
Require stack:
- /Users/manpreetsingh/Documents/OpenEnv/V1/NeuralPagedAttention/dashboard/.next/dev/build/chunks/[root-of-the-server]__0d-m0h0._.js
- /Users/manpreetsingh/Documents/OpenEnv/V1/NeuralPagedAttention/dashboard/.next/dev/build/chunks/[turbopack]_runtime.js
- /Users/manpreetsingh/Documents/OpenEnv/V1/NeuralPagedAttention/dashboard/.next/dev/build/postcss.js
    [at Module._resolveFilename (node:internal/modules/cjs/loader:1420:15)]
    [at defaultResolveImpl (node:internal/modules/cjs/loader:1058:19)]
    [at resolveForCJSWithHooks (node:internal/modules/cjs/loader:1063:22)]
    [at Module._load (node:internal/modules/cjs/loader:1226:37)]
    [at TracingChannel.traceSync (node:diagnostics_channel:328:14)]
    [at wrapModuleLoad (node:internal/modules/cjs/loader:245:24)]
    [at Module.require (node:internal/modules/cjs/loader:1503:12)]
    [at require (node:internal/modules/helpers:152:16)]
    [at <anonymous> (turbopack:///[turbopack-node]/transforms/postcss.ts:49:25)]
    [at <anonymous>]

Import trace:
  Client Component Browser:
    ./src/app/globals.css [Client Component Browser]
    ./src/app/layout.tsx [Server Component] 
[browser] ./src/app/globals.css
Error evaluating Node.js code
Error: Cannot find module '@tailwindcss/postcss'
Require stack:
- /Users/manpreetsingh/Documents/OpenEnv/V1/NeuralPagedAttention/dashboard/.next/dev/build/chunks/[root-of-the-server]__0d-m0h0._.js
- /Users/manpreetsingh/Documents/OpenEnv/V1/NeuralPagedAttention/dashboard/.next/dev/build/chunks/[turbopack]_runtime.js
- /Users/manpreetsingh/Documents/OpenEnv/V1/NeuralPagedAttention/dashboard/.next/dev/build/postcss.js
    [at Module._resolveFilename (node:internal/modules/cjs/loader:1420:15)]
    [at defaultResolveImpl (node:internal/modules/cjs/loader:1058:19)]
    [at resolveForCJSWithHooks (node:internal/modules/cjs/loader:1063:22)]
    [at Module._load (node:internal/modules/cjs/loader:1226:37)]
    [at TracingChannel.traceSync (node:diagnostics_channel:328:14)]
    [at wrapModuleLoad (node:internal/modules/cjs/loader:245:24)]
    [at Module.require (node:internal/modules/cjs/loader:1503:12)]
    [at require (node:internal/modules/helpers:152:16)]
    [at <anonymous> (turbopack:///[turbopack-node]/transforms/postcss.ts:49:25)]
    [at <anonymous>]

Import trace:
  Client Component Browser:
    ./src/app/globals.css [Client Component Browser]
    ./src/app/layout.tsx [Server Component] 
[browser] ./src/app/globals.css
Error evaluating Node.js code
Error: Cannot find module '@tailwindcss/postcss'
Require stack:
- /Users/manpreetsingh/Documents/OpenEnv/V1/NeuralPagedAttention/dashboard/.next/dev/build/chunks/[root-of-the-server]__0d-m0h0._.js
- /Users/manpreetsingh/Documents/OpenEnv/V1/NeuralPagedAttention/dashboard/.next/dev/build/chunks/[turbopack]_runtime.js
- /Users/manpreetsingh/Documents/OpenEnv/V1/NeuralPagedAttention/dashboard/.next/dev/build/postcss.js
    [at Module._resolveFilename (node:internal/modules/cjs/loader:1420:15)]
    [at defaultResolveImpl (node:internal/modules/cjs/loader:1058:19)]
    [at resolveForCJSWithHooks (node:internal/modules/cjs/loader:1063:22)]
    [at Module._load (node:internal/modules/cjs/loader:1226:37)]
    [at TracingChannel.traceSync (node:diagnostics_channel:328:14)]
    [at wrapModuleLoad (node:internal/modules/cjs/loader:245:24)]
    [at Module.require (node:internal/modules/cjs/loader:1503:12)]
    [at require (node:internal/modules/helpers:152:16)]
    [at <anonymous> (turbopack:///[turbopack-node]/transforms/postcss.ts:49:25)]
    [at <anonymous>]

Import trace:
  Client Component Browser:
    ./src/app/globals.css [Client Component Browser]
    ./src/app/layout.tsx [Server Component] 
[browser] ./src/app/globals.css
Error evaluating Node.js code
Error: Cannot find module '@tailwindcss/postcss'
Require stack:
- /Users/manpreetsingh/Documents/OpenEnv/V1/NeuralPagedAttention/dashboard/.next/dev/build/chunks/[root-of-the-server]__0d-m0h0._.js
- /Users/manpreetsingh/Documents/OpenEnv/V1/NeuralPagedAttention/dashboard/.next/dev/build/chunks/[turbopack]_runtime.js
- /Users/manpreetsingh/Documents/OpenEnv/V1/NeuralPagedAttention/dashboard/.next/dev/build/postcss.js
    [at Module._resolveFilename (node:internal/modules/cjs/loader:1420:15)]
    [at defaultResolveImpl (node:internal/modules/cjs/loader:1058:19)]
    [at resolveForCJSWithHooks (node:internal/modules/cjs/loader:1063:22)]
    [at Module._load (node:internal/modules/cjs/loader:1226:37)]
    [at TracingChannel.traceSync (node:diagnostics_channel:328:14)]
    [at wrapModuleLoad (node:internal/modules/cjs/loader:245:24)]
    [at Module.require (node:internal/modules/cjs/loader:1503:12)]
    [at require (node:internal/modules/helpers:152:16)]
    [at <anonymous> (turbopack:///[turbopack-node]/transforms/postcss.ts:49:25)]
    [at <anonymous>]

Import trace:
  Client Component Browser:
    ./src/app/globals.css [Client Component Browser]
    ./src/app/layout.tsx [Server Component] 
[browser] ./src/app/globals.css
Error evaluating Node.js code
Error: Cannot find module '@tailwindcss/postcss'
Require stack:
- /Users/manpreetsingh/Documents/OpenEnv/V1/NeuralPagedAttention/dashboard/.next/dev/build/chunks/[root-of-the-server]__0d-m0h0._.js
- /Users/manpreetsingh/Documents/OpenEnv/V1/NeuralPagedAttention/dashboard/.next/dev/build/chunks/[turbopack]_runtime.js
- /Users/manpreetsingh/Documents/OpenEnv/V1/NeuralPagedAttention/dashboard/.next/dev/build/postcss.js
    [at Module._resolveFilename (node:internal/modules/cjs/loader:1420:15)]
    [at defaultResolveImpl (node:internal/modules/cjs/loader:1058:19)]
    [at resolveForCJSWithHooks (node:internal/modules/cjs/loader:1063:22)]
    [at Module._load (node:internal/modules/cjs/loader:1226:37)]
    [at TracingChannel.traceSync (node:diagnostics_channel:328:14)]
    [at wrapModuleLoad (node:internal/modules/cjs/loader:245:24)]
    [at Module.require (node:internal/modules/cjs/loader:1503:12)]
    [at require (node:internal/modules/helpers:152:16)]
    [at <anonymous> (turbopack:///[turbopack-node]/transforms/postcss.ts:49:25)]
    [at <anonymous>]

Import trace:
  Client Component Browser:
    ./src/app/globals.css [Client Component Browser]
    ./src/app/layout.tsx [Server Component] 
[browser] ./src/app/globals.css
Error evaluating Node.js code
Error: Cannot find module '@tailwindcss/postcss'
Require stack:
- /Users/manpreetsingh/Documents/OpenEnv/V1/NeuralPagedAttention/dashboard/.next/dev/build/chunks/[root-of-the-server]__0d-m0h0._.js
- /Users/manpreetsingh/Documents/OpenEnv/V1/NeuralPagedAttention/dashboard/.next/dev/build/chunks/[turbopack]_runtime.js
- /Users/manpreetsingh/Documents/OpenEnv/V1/NeuralPagedAttention/dashboard/.next/dev/build/postcss.js
    [at Module._resolveFilename (node:internal/modules/cjs/loader:1420:15)]
    [at defaultResolveImpl (node:internal/modules/cjs/loader:1058:19)]
    [at resolveForCJSWithHooks (node:internal/modules/cjs/loader:1063:22)]
    [at Module._load (node:internal/modules/cjs/loader:1226:37)]
    [at TracingChannel.traceSync (node:diagnostics_channel:328:14)]
    [at wrapModuleLoad (node:internal/modules/cjs/loader:245:24)]
    [at Module.require (node:internal/modules/cjs/loader:1503:12)]
    [at require (node:internal/modules/helpers:152:16)]
    [at <anonymous> (turbopack:///[turbopack-node]/transforms/postcss.ts:49:25)]
    [at <anonymous>]

Import trace:
  Client Component Browser:
    ./src/app/globals.css [Client Component Browser]
    ./src/app/layout.tsx [Server Component] 
[browser] ./src/app/globals.css
Error evaluating Node.js code
Error: Cannot find module '@tailwindcss/postcss'
Require stack:
- /Users/manpreetsingh/Documents/OpenEnv/V1/NeuralPagedAttention/dashboard/.next/dev/build/chunks/[root-of-the-server]__0d-m0h0._.js
- /Users/manpreetsingh/Documents/OpenEnv/V1/NeuralPagedAttention/dashboard/.next/dev/build/chunks/[turbopack]_runtime.js
- /Users/manpreetsingh/Documents/OpenEnv/V1/NeuralPagedAttention/dashboard/.next/dev/build/postcss.js
    [at Module._resolveFilename (node:internal/modules/cjs/loader:1420:15)]
    [at defaultResolveImpl (node:internal/modules/cjs/loader:1058:19)]
    [at resolveForCJSWithHooks (node:internal/modules/cjs/loader:1063:22)]
    [at Module._load (node:internal/modules/cjs/loader:1226:37)]
    [at TracingChannel.traceSync (node:diagnostics_channel:328:14)]
    [at wrapModuleLoad (node:internal/modules/cjs/loader:245:24)]
    [at Module.require (node:internal/modules/cjs/loader:1503:12)]
    [at require (node:internal/modules/helpers:152:16)]
    [at <anonymous> (turbopack:///[turbopack-node]/transforms/postcss.ts:49:25)]
    [at <anonymous>]

Import trace:
  Client Component Browser:
    ./src/app/globals.css [Client Component Browser]
    ./src/app/layout.tsx [Server Component] 
[browser] ./src/app/globals.css
Error evaluating Node.js code
Error: Cannot find module '@tailwindcss/postcss'
Require stack:
- /Users/manpreetsingh/Documents/OpenEnv/V1/NeuralPagedAttention/dashboard/.next/dev/build/chunks/[root-of-the-server]__0d-m0h0._.js
- /Users/manpreetsingh/Documents/OpenEnv/V1/NeuralPagedAttention/dashboard/.next/dev/build/chunks/[turbopack]_runtime.js
- /Users/manpreetsingh/Documents/OpenEnv/V1/NeuralPagedAttention/dashboard/.next/dev/build/postcss.js
    [at Module._resolveFilename (node:internal/modules/cjs/loader:1420:15)]
    [at defaultResolveImpl (node:internal/modules/cjs/loader:1058:19)]
    [at resolveForCJSWithHooks (node:internal/modules/cjs/loader:1063:22)]
    [at Module._load (node:internal/modules/cjs/loader:1226:37)]
    [at TracingChannel.traceSync (node:diagnostics_channel:328:14)]
    [at wrapModuleLoad (node:internal/modules/cjs/loader:245:24)]
    [at Module.require (node:internal/modules/cjs/loader:1503:12)]
    [at require (node:internal/modules/helpers:152:16)]
    [at <anonymous> (turbopack:///[turbopack-node]/transforms/postcss.ts:49:25)]
    [at <anonymous>]

Import trace:
  Client Component Browser:
    ./src/app/globals.css [Client Component Browser]
    ./src/app/layout.tsx [Server Component] 
[browser] ./src/app/globals.css
Error evaluating Node.js code
Error: Cannot find module '@tailwindcss/postcss'
Require stack:
- /Users/manpreetsingh/Documents/OpenEnv/V1/NeuralPagedAttention/dashboard/.next/dev/build/chunks/[root-of-the-server]__0d-m0h0._.js
- /Users/manpreetsingh/Documents/OpenEnv/V1/NeuralPagedAttention/dashboard/.next/dev/build/chunks/[turbopack]_runtime.js
- /Users/manpreetsingh/Documents/OpenEnv/V1/NeuralPagedAttention/dashboard/.next/dev/build/postcss.js
    [at Module._resolveFilename (node:internal/modules/cjs/loader:1420:15)]
    [at defaultResolveImpl (node:internal/modules/cjs/loader:1058:19)]
    [at resolveForCJSWithHooks (node:internal/modules/cjs/loader:1063:22)]
    [at Module._load (node:internal/modules/cjs/loader:1226:37)]
    [at TracingChannel.traceSync (node:diagnostics_channel:328:14)]
    [at wrapModuleLoad (node:internal/modules/cjs/loader:245:24)]
    [at Module.require (node:internal/modules/cjs/loader:1503:12)]
    [at require (node:internal/modules/helpers:152:16)]
    [at <anonymous> (turbopack:///[turbopack-node]/transforms/postcss.ts:49:25)]
    [at <anonymous>]

Import trace:
  Client Component Browser:
    ./src/app/globals.css [Client Component Browser]
    ./src/app/layout.tsx [Server Component] 
[browser] ./src/app/globals.css
Error evaluating Node.js code
Error: Cannot find module '@tailwindcss/postcss'
Require stack:
- /Users/manpreetsingh/Documents/OpenEnv/V1/NeuralPagedAttention/dashboard/.next/dev/build/chunks/[root-of-the-server]__0d-m0h0._.js
- /Users/manpreetsingh/Documents/OpenEnv/V1/NeuralPagedAttention/dashboard/.next/dev/build/chunks/[turbopack]_runtime.js
- /Users/manpreetsingh/Documents/OpenEnv/V1/NeuralPagedAttention/dashboard/.next/dev/build/postcss.js
    [at Module._resolveFilename (node:internal/modules/cjs/loader:1420:15)]
    [at defaultResolveImpl (node:internal/modules/cjs/loader:1058:19)]
    [at resolveForCJSWithHooks (node:internal/modules/cjs/loader:1063:22)]
    [at Module._load (node:internal/modules/cjs/loader:1226:37)]
    [at TracingChannel.traceSync (node:diagnostics_channel:328:14)]
    [at wrapModuleLoad (node:internal/modules/cjs/loader:245:24)]
    [at Module.require (node:internal/modules/cjs/loader:1503:12)]
    [at require (node:internal/modules/helpers:152:16)]
    [at <anonymous> (turbopack:///[turbopack-node]/transforms/postcss.ts:49:25)]
    [at <anonymous>]

Import trace:
  Client Component Browser:
    ./src/app/globals.css [Client Component Browser]
    ./src/app/layout.tsx [Server Component] 
[browser] ./src/app/globals.css
Error evaluating Node.js code
Error: Cannot find module '@tailwindcss/postcss'
Require stack:
- /Users/manpreetsingh/Documents/OpenEnv/V1/NeuralPagedAttention/dashboard/.next/dev/build/chunks/[root-of-the-server]__0d-m0h0._.js
- /Users/manpreetsingh/Documents/OpenEnv/V1/NeuralPagedAttention/dashboard/.next/dev/build/chunks/[turbopack]_runtime.js
- /Users/manpreetsingh/Documents/OpenEnv/V1/NeuralPagedAttention/dashboard/.next/dev/build/postcss.js
    [at Module._resolveFilename (node:internal/modules/cjs/loader:1420:15)]
    [at defaultResolveImpl (node:internal/modules/cjs/loader:1058:19)]
    [at resolveForCJSWithHooks (node:internal/modules/cjs/loader:1063:22)]
    [at Module._load (node:internal/modules/cjs/loader:1226:37)]
    [at TracingChannel.traceSync (node:diagnostics_channel:328:14)]
    [at wrapModuleLoad (node:internal/modules/cjs/loader:245:24)]
    [at Module.require (node:internal/modules/cjs/loader:1503:12)]
    [at require (node:internal/modules/helpers:152:16)]
    [at <anonymous> (turbopack:///[turbopack-node]/transforms/postcss.ts:49:25)]
    [at <anonymous>]

Import trace:
  Client Component Browser:
    ./src/app/globals.css [Client Component Browser]
    ./src/app/layout.tsx [Server Component] 

warn - The `content` option in your Tailwind CSS configuration is missing or empty.
warn - Configure your content sources or your generated CSS will be missing styles.
warn - https://tailwindcss.com/docs/content-configuration

warn - The `content` option in your Tailwind CSS configuration is missing or empty.
warn - Configure your content sources or your generated CSS will be missing styles.
warn - https://tailwindcss.com/docs/content-configuration

warn - The `content` option in your Tailwind CSS configuration is missing or empty.
warn - Configure your content sources or your generated CSS will be missing styles.
warn - https://tailwindcss.com/docs/content-configuration

warn - The `content` option in your Tailwind CSS configuration is missing or empty.
warn - Configure your content sources or your generated CSS will be missing styles.
warn - https://tailwindcss.com/docs/content-configuration

warn - The `content` option in your Tailwind CSS configuration is missing or empty.
warn - Configure your content sources or your generated CSS will be missing styles.
warn - https://tailwindcss.com/docs/content-configuration

warn - The `content` option in your Tailwind CSS configuration is missing or empty.
warn - Configure your content sources or your generated CSS will be missing styles.
warn - https://tailwindcss.com/docs/content-configuration

warn - The `content` option in your Tailwind CSS configuration is missing or empty.
warn - Configure your content sources or your generated CSS will be missing styles.
warn - https://tailwindcss.com/docs/content-configuration

warn - The `content` option in your Tailwind CSS configuration is missing or empty.
warn - Configure your content sources or your generated CSS will be missing styles.
warn - https://tailwindcss.com/docs/content-configuration

warn - The `content` option in your Tailwind CSS configuration is missing or empty.
warn - Configure your content sources or your generated CSS will be missing styles.
warn - https://tailwindcss.com/docs/content-configuration

warn - The `content` option in your Tailwind CSS configuration is missing or empty.
warn - Configure your content sources or your generated CSS will be missing styles.
warn - https://tailwindcss.com/docs/content-configuration

warn - The `content` option in your Tailwind CSS configuration is missing or empty.
warn - Configure your content sources or your generated CSS will be missing styles.
warn - https://tailwindcss.com/docs/content-configuration
